2022-12-29 20:13:10,912 name 'loggin' is not defined
2022-12-29 20:14:23,842 Email sended to: ['jeanpaulsierraboom@gmail.com'] successfully
2022-12-29 20:15:29,650 Email sended to: ['jeanpaulsierraboom@gmail.com'] successfully
2022-12-29 20:17:03,036 Email sended to: ['jeanpaulsierraboom@gmail.com'] successfully
2022-12-29 20:19:44,547 Email sended to: ['jeanpaulsierraboom@gmail.com'] successfully
2022-12-29 20:27:22,623 Email sended to: ['jeanpaulsierraboom@gmail.com'] successfully
2022-12-29 21:13:58,445 Email sended to: yignamirko@gufum.com successfully
2022-12-29 21:14:00,800 Email sended to: yicefir565@kaftee.com successfully
2022-12-29 21:14:03,053 Email sended to: ymtbtxxud2@happy2023year.com successfully
2022-12-29 21:56:24,221 Email sended to: yignamirko@gufum.com successfully
2022-12-29 21:56:26,385 Email sended to: yicefir565@kaftee.com successfully
2022-12-29 21:56:28,215 Email sended to: ymtbtxxud2@happy2023year.com successfully
2022-12-29 22:00:36,244 Email sended to: yignamirko@gufum.com successfully
2022-12-29 22:00:38,052 Email sended to: yicefir565@kaftee.com successfully
2022-12-29 22:00:40,385 Email sended to: ymtbtxxud2@happy2023year.com successfully
2023-01-05 17:14:55,423 Email sended to: ['jeanpaulsierraboom@gmail.com'] successfully
2023-01-05 17:15:41,263 Email sended to: ['jeanpaulsierraboom@gmail.com'] successfully
2023-01-05 17:19:10,533 Email sended to: ['jeanpaulsierraboom@gmail.com'] successfully
2023-01-05 17:19:47,471 Email sended to: ['jeanpaulsierraboom@gmail.com'] successfully
2023-01-05 18:06:06,483 Email sended to: ['jeanpaulsierraboom@gmail.com'] successfully
2023-01-05 18:07:23,002 Email sended to: ['jeanpaulsierraboom@gmail.com'] successfully
2023-01-05 18:07:41,104 Email sended to: ['jeanpaulsierraboom@gmail.com'] successfully
2023-01-05 18:07:50,276 Email sended to: ['jeanpaulsierraboom@gmail.com'] successfully
2023-01-05 18:08:03,183 Email sended to: ['jeanpaulsierraboom@gmail.com'] successfully
2023-01-05 20:08:31,862 Email already sent to user with email:jeanpaulsierraboom@gmail.com 
2023-01-05 20:24:46,882 Email already sent to user with email:jeanpaulsierraboom@gmail.com 
2023-01-05 20:25:02,457 Email already sent to user with email:jeanpaulsierraboom@gmail.com 
2023-01-05 20:26:45,125 Email already sent to user with email:jeanpaulsierraboom@gmail.com 
2023-01-05 20:27:07,521 Email already sent to user with email:jeanpaulsierraboom@gmail.com (skipping email) 
2023-01-05 20:38:22,800 Email sended to: jeanpaulsierraboom@gmail.com succesfully
